<?xml version="1.0" encoding="UTF-8"?>
<!-- Generated by org.testng.reporters.JUnitReportReporter -->
<testsuite skipped="0" hostname="Ravi" name="reading_PdfDocument.PDF_Reader" tests="1" failures="0" timestamp="23 Sep 2021 13:33:20 GMT" time="1.293" errors="0">
  <testcase name="readPDFTest" time="1.293" classname="reading_PdfDocument.PDF_Reader"/>
</testsuite> <!-- reading_PdfDocument.PDF_Reader -->
