<?xml version="1.0" encoding="UTF-8"?>
<!-- Generated by org.testng.reporters.JUnitReportReporter -->
<testsuite skipped="0" hostname="Ravi" name="reading_PdfDocument.PDF_Reader" tests="1" failures="0" timestamp="27 Sep 2021 12:06:06 GMT" time="19.267" errors="0">
  <testcase name="readPDFTest" time="19.267" classname="reading_PdfDocument.PDF_Reader"/>
</testsuite> <!-- reading_PdfDocument.PDF_Reader -->
